Release 14.7 Map P.20131013 (nt64)
Xilinx Mapping Report File for Design 'pin2pin'

Design Information
------------------
Command Line   : map -intstyle ise -p xc5vlx30-ff324-1 -w -logic_opt off -ol
high -t 1 -register_duplication off -global_opt off -mt off -cm area -ir off -pr
off -lc off -power off -o pin2pin_map.ncd pin2pin.ngd pin2pin.pcf 
Target Device  : xc5vlx30
Target Package : ff324
Target Speed   : -1
Mapper Version : virtex5 -- $Revision: 1.55 $
Mapped Date    : Fri Jul 26 16:46:16 2019

Design Summary
--------------
Number of errors:      0
Number of warnings:    0
Slice Logic Utilization:

Slice Logic Distribution:

IO Utilization:
  Number of bonded IOBs:                         4 out of     220    1%

Specific Feature Utilization:

Average Fanout of Non-Clock Nets:                1.00

Peak Memory Usage:  4690 MB
Total REAL time to MAP completion:  10 secs 
Total CPU time to MAP completion:   5 secs 

Table of Contents
-----------------
Section 1 - Errors
Section 2 - Warnings
Section 3 - Informational
Section 4 - Removed Logic Summary
Section 5 - Removed Logic
Section 6 - IOB Properties
Section 7 - RPMs
Section 8 - Guide Report
Section 9 - Area Group and Partition Summary
Section 10 - Timing Report
Section 11 - Configuration String Information
Section 12 - Control Set Information
Section 13 - Utilization by Hierarchy

Section 1 - Errors
------------------

Section 2 - Warnings
--------------------

Section 3 - Informational
-------------------------
INFO:MapLib:562 - No environment variables are currently set.
INFO:LIT:244 - All of the single ended outputs in this design are using slew
   rate limited output drivers. The delay on speed critical single ended outputs
   can be dramatically reduced by designating them as fast outputs.
INFO:Pack:1716 - Initializing temperature to 85.000 Celsius. (default - Range:
   0.000 to 85.000 Celsius)
INFO:Pack:1720 - Initializing voltage to 0.950 Volts. (default - Range: 0.950 to
   1.050 Volts)
INFO:Map:215 - The Interim Design Summary has been generated in the MAP Report
   (.mrp).
INFO:Pack:1650 - Map created a placed design.

Section 4 - Removed Logic Summary
---------------------------------

Section 5 - Removed Logic
-------------------------

Section 6 - IOB Properties
--------------------------

+---------------------------------------------------------------------------------------------------------------------------------------------------------+
| IOB Name                           | Type             | Direction | IO Standard          | Diff  | Drive    | Slew | Reg (s)      | Resistor | IOB      |
|                                    |                  |           |                      | Term  | Strength | Rate |              |          | Delay    |
+---------------------------------------------------------------------------------------------------------------------------------------------------------+
| rx_i                               | IOB              | INPUT     | LVCMOS25             |       |          |      |              |          |          |
| rx_v7_o                            | IOB              | OUTPUT    | LVCMOS25             |       | 12       | SLOW |              |          |          |
| tx_o                               | IOB              | OUTPUT    | LVCMOS25             |       | 12       | SLOW |              |          |          |
| tx_v7_i                            | IOB              | INPUT     | LVCMOS25             |       |          |      |              |          |          |
+---------------------------------------------------------------------------------------------------------------------------------------------------------+

Section 7 - RPMs
----------------

Section 8 - Guide Report
------------------------
Guide not run on this design.

Section 9 - Area Group and Partition Summary
--------------------------------------------

Partition Implementation Status
-------------------------------

  No Partitions were found in this design.

-------------------------------

Area Group Information
----------------------

  No area groups were found in this design.

----------------------

Section 10 - Timing Report
--------------------------
A logic-level (pre-route) timing report can be generated by using Xilinx static
timing analysis tools, Timing Analyzer (GUI) or TRCE (command line), with the
mapped NCD and PCF files. Please note that this timing report will be generated
using estimated delay information. For accurate numbers, please generate a
timing report with the post Place and Route NCD file.

For more information about the Timing Analyzer, consult the Xilinx Timing
Analyzer Reference Manual; for more information about TRCE, consult the Xilinx
Command Line Tools User Guide "TRACE" chapter.

Section 11 - Configuration String Details
-----------------------------------------
Use the "-detail" map option to print out Configuration Strings

Section 12 - Control Set Information
------------------------------------
Use the "-detail" map option to print out Control Set Information.

Section 13 - Utilization by Hierarchy
-------------------------------------
Use the "-detail" map option to print out the Utilization by Hierarchy section.
