version: (200506)

available memory: 64M bytes
used memory: 81920 bytes [need 80K bytes if disable swap]

used block: 3 [memory(3) file(0)]
                 [ 8K(2) 64K(1) { total 80K bytes } ]
overhead: (9522) bytes for (3) blocks [Average: (3174) bytes/block]

write  => 0(times) 0K(bytes) [0K bytes to file]
read   => 1(times) 10K(bytes) [1K bytes compressed data from file]
access => 23981(times) 192M(bytes)
          [hit ratio: 99.9958%]

time: write(0) read(0)  unit: second

swap file directory: (/home/yzb/fwrisc/fwrisc_uart/rtl/uart/vsim/verdiLog)
used swap file number: (1)



swap file manager:
arrSize: (256)
idxCnt: (3)
closeHead: (1)
closeTail: (2)
openCnt: (1)
fid(2): fd(29) fileName(/home/yzb/fwrisc/fwrisc_uart/rtl/uart/vsim/verdiLog/_swap_0001#8323328#19370)
	size(0) lastModTime(0) curModTime(1563264360)
	mode(w+b)	hot(0) cool(1) pos(0)
fid(1): fd(0) fileName(NULL)
	mode(rb)	hot(2) cool(0) pos(0)
fid(0): fd(0) fileName(NULL)
	mode(NULL)	hot(0) cool(0) pos(0)
Swap system is reset at (Tue Jul 16 16:06:53 2019
)
version: (200506)

available memory: 64M bytes
used memory: 245760 bytes [need 160K bytes if disable swap]

used block: 9 [memory(9) file(0)]
                 [ 8K(6) 64K(3) { total 240K bytes } ]
overhead: (9522) bytes for (9) blocks [Average: (1058) bytes/block]

write  => 0(times) 0K(bytes) [0K bytes to file]
read   => 3(times) 38K(bytes) [6K bytes compressed data from file]
access => 54176(times) 438M(bytes)
          [hit ratio: 99.9945%]

time: write(0) read(0)  unit: second

swap file directory: (/home/yzb/fwrisc/fwrisc_uart/rtl/uart/vsim/verdiLog)
used swap file number: (5)



swap file manager:
arrSize: (256)
idxCnt: (7)
closeHead: (3)
closeTail: (5)
openCnt: (3)
fid(6): fd(0) fileName(/home/yzb/fwrisc/fwrisc_uart/rtl/uart/vsim/simv.daidir/kdb.elab++/work.lib++/uart.sv.tdc)
	size(3835) lastModTime(1563264348) curModTime(1563264348)
	mode(rb)	hot(0) cool(0) pos(0)
fid(5): fd(1073741825) fileName(/home/yzb/fwrisc/fwrisc_uart/rtl/uart/vsim/simv.daidir/kdb.elab++/work.lib++/uart_transceiver.sv.tdc)
	size(5333) lastModTime(1563264348) curModTime(1563264348)
	mode(rb)	hot(0) cool(4) pos(0)
fid(4): fd(30) fileName(/home/yzb/fwrisc/fwrisc_uart/rtl/uart/vsim/verdiLog/_swap_0001#8323328#19370)
	size(0) lastModTime(0) curModTime(1563264413)
	mode(w+b)	hot(5) cool(3) pos(0)
fid(3): fd(1073741824) fileName(/home/yzb/fwrisc/fwrisc_uart/rtl/uart/vsim/simv.daidir/kdb.elab++/work.lib++/uart_tb.sv.tdc)
	size(3404) lastModTime(1563264348) curModTime(1563264348)
	mode(rb)	hot(4) cool(0) pos(0)
fid(2): fd(0) fileName(NULL)
	mode(NULL)	hot(0) cool(0) pos(0)
fid(1): fd(0) fileName(NULL)
	mode(NULL)	hot(0) cool(0) pos(0)
fid(0): fd(0) fileName(NULL)
	mode(NULL)	hot(0) cool(0) pos(0)
==================================================
mySelf(12610da0) pre(11cf4660) next(0)
version(200506)
date(May 20 2016 01:21:05)
