# do {simple_ram_tb_compile.do}
# ** Warning: (vlib-34) Library already exists at "modelsim_lib/work".
# ** Warning: (vlib-34) Library already exists at "modelsim_lib/msim".
# ** Warning: (vlib-34) Library already exists at "modelsim_lib/msim/xil_defaultlib".
# Model Technology ModelSim SE-64 vmap 10.6d Lib Mapping Utility 2018.02 Feb 24 2018
# vmap xil_defaultlib modelsim_lib/msim/xil_defaultlib 
# Modifying modelsim.ini
# ** Warning: (vlog-159) Mode option -64 is not supported in this context and will be ignored.
# Model Technology ModelSim SE-64 vlog 10.6d Compiler 2018.02 Feb 24 2018
# Start time: 15:10:36 on Jul 27,2019
# vlog -64 -incr -work xil_defaultlib "+incdir+../../../../../fwrisc_uart/rtl" "+incdir+../../../../../fwrisc_uart/rtl/uart/vsim/csrc" "+incdir+../../../../fwrisc_uart.srcs/sources_1/ip/clk_wiz_0" ../../../../fwrisc_uart.srcs/sources_1/ip/blk_mem_gen_0/sim/blk_mem_gen_0.v 
# -- Skipping module blk_mem_gen_0
# 
# Top level modules:
# 	blk_mem_gen_0
# End time: 15:10:36 on Jul 27,2019, Elapsed time: 0:00:00
# Errors: 0, Warnings: 1
# ** Warning: (vlog-159) Mode option -64 is not supported in this context and will be ignored.
# Model Technology ModelSim SE-64 vlog 10.6d Compiler 2018.02 Feb 24 2018
# Start time: 15:10:36 on Jul 27,2019
# vlog -64 -incr -sv -work xil_defaultlib "+incdir+../../../../../fwrisc_uart/rtl" "+incdir+../../../../../fwrisc_uart/rtl/uart/vsim/csrc" "+incdir+../../../../fwrisc_uart.srcs/sources_1/ip/clk_wiz_0" ../../../../fwrisc_uart.srcs/sim_1/new/simple_ram_tb.v 
# -- Skipping module simple_ram_tb
# 
# Top level modules:
# 	simple_ram_tb
# End time: 15:10:36 on Jul 27,2019, Elapsed time: 0:00:00
# Errors: 0, Warnings: 1
# Model Technology ModelSim SE-64 vlog 10.6d Compiler 2018.02 Feb 24 2018
# Start time: 15:10:36 on Jul 27,2019
# vlog -work xil_defaultlib glbl.v 
# -- Compiling module glbl
# 
# Top level modules:
# 	glbl
# End time: 15:10:36 on Jul 27,2019, Elapsed time: 0:00:00
# Errors: 0, Warnings: 0
