Copyright 1986-2018 Xilinx, Inc. All Rights Reserved.
----------------------------------------------------------------------------------------------------------------------------------------------------------------------------
| Tool Version     : Vivado v.2018.3 (win64) Build 2405991 Thu Dec  6 23:38:27 MST 2018
| Date             : Sat Jul 27 16:40:04 2019
| Host             : DESKTOP-EVPNNIR running 64-bit major release  (build 9200)
| Command          : report_power -file fwrisc_uart_wraper_power_routed.rpt -pb fwrisc_uart_wraper_power_summary_routed.pb -rpx fwrisc_uart_wraper_power_routed.rpx
| Design           : fwrisc_uart_wraper
| Device           : xc7v2000tflg1925-1
| Design State     : routed
| Grade            : commercial
| Process          : typical
| Characterization : Production
----------------------------------------------------------------------------------------------------------------------------------------------------------------------------

Power Report

Table of Contents
-----------------
1. Summary
1.1 On-Chip Components
1.2 Power Supply Summary
1.3 Confidence Level
2. Settings
2.1 Environment
2.2 Clock Constraints
3. Detailed Reports
3.1 By Hierarchy

1. Summary
----------

+--------------------------+--------------+
| Total On-Chip Power (W)  | 0.796        |
| Design Power Budget (W)  | Unspecified* |
| Power Budget Margin (W)  | NA           |
| Dynamic (W)              | 0.154        |
| Device Static (W)        | 0.642        |
| Effective TJA (C/W)      | 0.8          |
| Max Ambient (C)          | 84.3         |
| Junction Temperature (C) | 25.7         |
| Confidence Level         | Medium       |
| Setting File             | ---          |
| Simulation Activity File | ---          |
| Design Nets Matched      | NA           |
+--------------------------+--------------+
* Specify Design Power Budget using, set_operating_conditions -design_power_budget <value in Watts>


1.1 On-Chip Components
----------------------

+--------------------------+-----------+----------+-----------+-----------------+
| On-Chip                  | Power (W) | Used     | Available | Utilization (%) |
+--------------------------+-----------+----------+-----------+-----------------+
| Clocks                   |     0.012 |        9 |       --- |             --- |
| Slice Logic              |     0.004 |     7432 |       --- |             --- |
|   LUT as Logic           |     0.003 |     2702 |   1221600 |            0.22 |
|   LUT as Shift Register  |    <0.001 |      215 |    344800 |            0.06 |
|   Register               |    <0.001 |     3235 |   2443200 |            0.13 |
|   CARRY4                 |    <0.001 |      128 |    305400 |            0.04 |
|   LUT as Distributed RAM |    <0.001 |       40 |    344800 |            0.01 |
|   F7/F8 Muxes            |    <0.001 |       19 |   1221600 |           <0.01 |
|   Others                 |     0.000 |      528 |       --- |             --- |
| Signals                  |     0.011 |     5953 |       --- |             --- |
| Block RAM                |     0.025 |       67 |      1292 |            5.19 |
| PLL                      |     0.102 |        1 |        24 |            4.17 |
| I/O                      |    <0.001 |        7 |      1200 |            0.58 |
| Static Power             |     0.642 |          |           |                 |
| Total                    |     0.796 |          |           |                 |
+--------------------------+-----------+----------+-----------+-----------------+


1.2 Power Supply Summary
------------------------

+-----------+-------------+-----------+-------------+------------+
| Source    | Voltage (V) | Total (A) | Dynamic (A) | Static (A) |
+-----------+-------------+-----------+-------------+------------+
| Vccint    |       1.000 |     0.372 |       0.059 |      0.312 |
| Vccaux    |       1.800 |     0.150 |       0.051 |      0.099 |
| Vcco33    |       3.300 |     0.000 |       0.000 |      0.000 |
| Vcco25    |       2.500 |     0.000 |       0.000 |      0.000 |
| Vcco18    |       1.800 |     0.001 |       0.000 |      0.001 |
| Vcco15    |       1.500 |     0.000 |       0.000 |      0.000 |
| Vcco135   |       1.350 |     0.000 |       0.000 |      0.000 |
| Vcco12    |       1.200 |     0.000 |       0.000 |      0.000 |
| Vccaux_io |       1.800 |     0.000 |       0.000 |      0.000 |
| Vccbram   |       1.000 |     0.008 |       0.002 |      0.006 |
| MGTAVcc   |       1.000 |     0.000 |       0.000 |      0.000 |
| MGTAVtt   |       1.200 |     0.000 |       0.000 |      0.000 |
| MGTVccaux |       1.800 |     0.000 |       0.000 |      0.000 |
| MGTZVccl  |       1.075 |     0.000 |       0.000 |      0.000 |
| MGTZAVcc  |       1.075 |     0.000 |       0.000 |      0.000 |
| MGTZVcch  |       1.800 |     0.000 |       0.000 |      0.000 |
| Vccadc    |       1.800 |     0.080 |       0.000 |      0.080 |
+-----------+-------------+-----------+-------------+------------+


1.3 Confidence Level
--------------------

+-----------------------------+------------+-------------------------------------------------------+------------------------------------------------------------------------------------------------------------+
| User Input Data             | Confidence | Details                                               | Action                                                                                                     |
+-----------------------------+------------+-------------------------------------------------------+------------------------------------------------------------------------------------------------------------+
| Design implementation state | High       | Design is routed                                      |                                                                                                            |
| Clock nodes activity        | High       | User specified more than 95% of clocks                |                                                                                                            |
| I/O nodes activity          | Medium     | More than 5% of inputs are missing user specification | Provide missing input activity with simulation results or by editing the "By Resource Type -> I/Os" view   |
| Internal nodes activity     | Medium     | User specified less than 25% of internal nodes        | Provide missing internal nodes activity with simulation results or by editing the "By Resource Type" views |
| Device models               | High       | Device models are Production                          |                                                                                                            |
|                             |            |                                                       |                                                                                                            |
| Overall confidence level    | Medium     |                                                       |                                                                                                            |
+-----------------------------+------------+-------------------------------------------------------+------------------------------------------------------------------------------------------------------------+


2. Settings
-----------

2.1 Environment
---------------

+-----------------------+--------------------------+
| Ambient Temp (C)      | 25.0                     |
| ThetaJA (C/W)         | 0.8                      |
| Airflow (LFM)         | 250                      |
| Heat Sink             | medium (Medium Profile)  |
| ThetaSA (C/W)         | 1.2                      |
| Board Selection       | medium (10"x10")         |
| # of Board Layers     | 12to15 (12 to 15 Layers) |
| Board Temperature (C) | 25.0                     |
+-----------------------+--------------------------+


2.2 Clock Constraints
---------------------

+--------------------------------------------------------------------------------------------+----------------------------------------------------------------------+-----------------+
| Clock                                                                                      | Domain                                                               | Constraint (ns) |
+--------------------------------------------------------------------------------------------+----------------------------------------------------------------------+-----------------+
| clk_out1_clk_wiz_0                                                                         | u_clock_gen/inst/clk_out1_clk_wiz_0                                  |            20.0 |
| clk_out1_clk_wiz_0_1                                                                       | u_clock_gen/inst/clk_out1_clk_wiz_0                                  |            20.0 |
| clkfbout_clk_wiz_0                                                                         | u_clock_gen/inst/clkfbout_clk_wiz_0                                  |            50.0 |
| clkfbout_clk_wiz_0_1                                                                       | u_clock_gen/inst/clkfbout_clk_wiz_0                                  |            50.0 |
| clock                                                                                      | clock                                                                |            50.0 |
| dbg_hub/inst/BSCANID.u_xsdbm_id/SWITCH_N_EXT_BSCAN.bscan_inst/SERIES7_BSCAN.bscan_inst/TCK | dbg_hub/inst/BSCANID.u_xsdbm_id/SWITCH_N_EXT_BSCAN.bscan_inst/tck_bs |            33.0 |
| sys_clk_pin                                                                                | clock                                                                |            50.0 |
+--------------------------------------------------------------------------------------------+----------------------------------------------------------------------+-----------------+


3. Detailed Reports
-------------------

3.1 By Hierarchy
----------------

+--------------------------+-----------+
| Name                     | Power (W) |
+--------------------------+-----------+
| fwrisc_uart_wraper       |     0.154 |
|   dbg_hub                |     0.003 |
|     inst                 |     0.003 |
|       BSCANID.u_xsdbm_id |     0.003 |
|   u_clock_gen            |     0.102 |
|     inst                 |     0.102 |
|   u_fwrisc_fpga_top      |     0.027 |
|     u_core               |     0.012 |
|       u_alu              |     0.003 |
|       u_regfile          |     0.005 |
|   u_ila_0                |     0.021 |
|     inst                 |     0.021 |
|       ila_core_inst      |     0.021 |
+--------------------------+-----------+


